c:\users\gustavo\documents\l2market\l2market.injector\debug\l2market.injector.pch
c:\users\gustavo\documents\l2market\l2market.injector\debug\vc143.pdb
c:\users\gustavo\documents\l2market\l2market.injector\debug\vc143.idb
c:\users\gustavo\documents\l2market\l2market.injector\debug\flunderdll.obj
c:\users\gustavo\documents\l2market\l2market.injector\debug\pch.obj
c:\users\gustavo\documents\l2market\l2market.injector\debug\injector.obj
c:\users\gustavo\documents\l2market\debug\l2market.injector.dll
c:\users\gustavo\documents\l2market\debug\l2market.injector.pdb
c:\users\gustavo\documents\l2market\l2market.injector\debug\l2market.injector.dll.embed.manifest.res
c:\users\gustavo\documents\l2market\debug\l2market.injector.lib
c:\users\gustavo\documents\l2market\debug\l2market.injector.exp
c:\users\gustavo\documents\l2market\l2market.injector\debug\l2market.injector.ilk
c:\users\gustavo\documents\l2market\l2market.injector\debug\l2market.injector.dll.embed.manifest
c:\users\gustavo\documents\l2market\l2market.injector\debug\l2market.injector_manifest.rc
c:\users\gustavo\documents\l2market\l2market.injector\debug\l2market.39fc8178.tlog\cl.command.1.tlog
c:\users\gustavo\documents\l2market\l2market.injector\debug\l2market.39fc8178.tlog\cl.items.tlog
c:\users\gustavo\documents\l2market\l2market.injector\debug\l2market.39fc8178.tlog\cl.read.1.tlog
c:\users\gustavo\documents\l2market\l2market.injector\debug\l2market.39fc8178.tlog\cl.write.1.tlog
c:\users\gustavo\documents\l2market\l2market.injector\debug\l2market.39fc8178.tlog\link.command.1.tlog
c:\users\gustavo\documents\l2market\l2market.injector\debug\l2market.39fc8178.tlog\link.read.1.tlog
c:\users\gustavo\documents\l2market\l2market.injector\debug\l2market.39fc8178.tlog\link.secondary.1.tlog
c:\users\gustavo\documents\l2market\l2market.injector\debug\l2market.39fc8178.tlog\link.write.1.tlog
c:\users\gustavo\documents\l2market\l2market.injector\debug\l2market.39fc8178.tlog\rc.command.1.tlog
c:\users\gustavo\documents\l2market\l2market.injector\debug\l2market.39fc8178.tlog\rc.read.1.tlog
c:\users\gustavo\documents\l2market\l2market.injector\debug\l2market.39fc8178.tlog\rc.write.1.tlog
